android/app/build/outputs/mapping/release/seeds.txt
com.intech.faceb.MainActivity
com.intech.faceb.MainActivity: MainActivity()
com.intech.faceb.MainApplication
com.intech.faceb.MainApplication: MainApplication()
com.intech.faceb.R$anim: int abc_fade_in
com.intech.faceb.R$anim: int abc_fade_out
com.intech.faceb.R$anim: int abc_grow_fade_in_from_bottom
com.intech.faceb.R$anim: int abc_popup_enter
com.intech.faceb.R$anim: int abc_popup_exit
com.intech.faceb.R$anim: int abc_shrink_fade_out_from_bottom
com.intech.faceb.R$anim: int abc_slide_in_bottom
com.intech.faceb.R$anim: int abc_slide_in_top
com.intech.faceb.R$anim: int abc_slide_out_bottom
com.intech.faceb.R$anim: int abc_slide_out_top
com.intech.faceb.R$anim: int abc_tooltip_enter
com.intech.faceb.R$anim: int abc_tooltip_exit
com.intech.faceb.R$anim: int catalyst_fade_in
com.intech.faceb.R$anim: int catalyst_fade_out
com.intech.faceb.R$anim: int catalyst_push_up_in
com.intech.faceb.R$anim: int catalyst_push_up_out
com.intech.faceb.R$anim: int catalyst_slide_down
com.intech.faceb.R$anim: int catalyst_slide_up
com.intech.faceb.R$attr: int actionBarDivider
com.intech.faceb.R$attr: int actionBarItemBackground
com.intech.faceb.R$attr: int actionBarPopupTheme
com.intech.faceb.R$attr: int actionBarSize
com.intech.faceb.R$attr: int actionBarSplitStyle
com.intech.faceb.R$attr: int actionBarStyle
com.intech.faceb.R$attr: int actionBarTabBarStyle
com.intech.faceb.R$attr: int actionBarTabStyle
com.intech.faceb.R$attr: int actionBarTabTextStyle
com.intech.faceb.R$attr: int actionBarTheme
com.intech.faceb.R$attr: int actionBarWidgetTheme
com.intech.faceb.R$attr: int actionButtonStyle
com.intech.faceb.R$attr: int actionDropDownStyle
com.intech.faceb.R$attr: int actionLayout
com.intech.faceb.R$attr: int actionMenuTextAppearance
com.intech.faceb.R$attr: int actionMenuTextColor
com.intech.faceb.R$attr: int actionModeBackground
com.intech.faceb.R$attr: int actionModeCloseButtonStyle
com.intech.faceb.R$attr: int actionModeCloseDrawable
com.intech.faceb.R$attr: int actionModeCopyDrawable
com.intech.faceb.R$attr: int actionModeCutDrawable
com.intech.faceb.R$attr: int actionModeFindDrawable
com.intech.faceb.R$attr: int actionModePasteDrawable
com.intech.faceb.R$attr: int actionModePopupWindowStyle
com.intech.faceb.R$attr: int actionModeSelectAllDrawable
com.intech.faceb.R$attr: int actionModeShareDrawable
com.intech.faceb.R$attr: int actionModeSplitBackground
com.intech.faceb.R$attr: int actionModeStyle
com.intech.faceb.R$attr: int actionModeWebSearchDrawable
com.intech.faceb.R$bool: int abc_action_bar_embed_tabs
com.intech.faceb.R$bool: int abc_allow_stacked_button_bar
com.intech.faceb.R$bool: int abc_config_actionMenuItemAllCaps
com.intech.faceb.R$bool: int abc_config_showMenuShortcutsWhenKeyboardPresent
...
android.support.coreui.R$id: int action_container
android.support.coreui.R$id: int action_divider
android.support.coreui.R$id: int action_image
android.support.coreui.R$id: int action_text
android.support.coreui.R$id: int actions
android.support.coreui.R$id: int async
android.support.coreui.R$id: int blocking
android.support.coreui.R$id: int bottom
android.support.coreui.R$id: int chronometer
android.support.coreui.R$id: int end
android.support.coreui.R$id: int forever
android.support.coreui.R$id: int icon
android.support.coreui.R$id: int icon_group
android.support.coreui.R$id: int info
android.support.coreui.R$id: int italic
android.support.coreui.R$id: int left
android.support.coreui.R$id: int line1
android.support.coreui.R$id: int line3
android.support.coreui.R$id: int none
android.support.coreui.R$id: int normal
android.support.coreui.R$id: int notification_background
android.support.coreui.R$id: int notification_main_column
android.support.coreui.R$id: int notification_main_column_container
android.support.coreui.R$id: int right
android.support.coreui.R$id: int right_icon
android.support.coreui.R$id: int right_side
android.support.coreui.R$id: int start
android.support.coreui.R$id: int tag_transition_group
android.support.coreui.R$id: int text
android.support.coreui.R$id: int text2
android.support.coreui.R$id: int time
android.support.coreui.R$id: int title
android.support.coreui.R$id: int top
android.support.coreui.R$integer: int status_bar_notification_info_maxnum
android.support.coreui.R$layout: int notification_action
android.support.coreui.R$layout: int notification_action_tombstone
android.support.coreui.R$layout: int notification_template_custom_big
android.support.coreui.R$layout: int notification_template_icon_group
android.support.coreui.R$layout: int notification_template_part_chronometer
android.support.coreui.R$layout: int notification_template_part_time
android.support.coreui.R$string: int status_bar_notification_info_overflow
android.support.coreui.R$style: int TextAppearance_Compat_Notification
android.support.coreui.R$style: int TextAppearance_Compat_Notification_Info
android.support.coreui.R$style: int TextAppearance_Compat_Notification_Line2
android.support.coreui.R$style: int TextAppearance_Compat_Notification_Time
android.support.coreui.R$style: int TextAppearance_Compat_Notification_Title
android.support.coreui.R$style: int Widget_Compat_NotificationActionContainer
android.support.coreui.R$style: int Widget_Compat_NotificationActionText
android.support.coreui.R$style: int Widget_Support_CoordinatorLayout