android/app/build/outputs/mapping/release/usage.txt
com.intech.faceb.BuildConfig
com.intech.faceb.R
com.intech.faceb.R$anim
com.intech.faceb.R$attr
com.intech.faceb.R$bool
com.intech.faceb.R$color
com.intech.faceb.R$dimen
com.intech.faceb.R$drawable
com.intech.faceb.R$id
com.intech.faceb.R$integer
com.intech.faceb.R$layout
com.intech.faceb.R$mipmap
com.intech.faceb.R$string
com.intech.faceb.R$style
com.intech.faceb.R$styleable
com.intech.faceb.R$xml
...
com.facebook.common.activitylistener.ListenableActivity
com.facebook.common.disk.DiskTrimmable:
    public abstract void trimToMinimum()
    public abstract void trimToNothing()
com.facebook.common.disk.DiskTrimmableRegistry:
    public abstract void unregisterDiskTrimmable(com.facebook.common.disk.DiskTrimmable)
com.facebook.common.disk.NoOpDiskTrimmableRegistry:
    33:33:public void unregisterDiskTrimmable(com.facebook.common.disk.DiskTrimmable)
com.facebook.common.executors.ConstrainedExecutorService
com.facebook.common.executors.ConstrainedExecutorService$1
com.facebook.common.executors.ConstrainedExecutorService$Worker
com.facebook.common.executors.DefaultSerialExecutorService
com.facebook.common.executors.HandlerExecutorService:
    public abstract void quit()
    public abstract boolean isHandlerThread()
com.facebook.common.executors.HandlerExecutorServiceImpl:
    119:120:public void quit()
com.facebook.common.executors.SerialExecutorService
com.facebook.common.executors.StatefulRunnable:
    protected static final int STATE_CREATED
    protected static final int STATE_STARTED
    protected static final int STATE_CANCELLED
    protected static final int STATE_FINISHED
    protected static final int STATE_FAILED
com.facebook.common.file.FileTree:
    18:18:public FileTree()
com.facebook.common.file.FileUtils:
    18:18:public FileUtils()
com.facebook.common.file.FileUtils$RenameException:
    115:116:public FileUtils$RenameException(java.lang.String)
com.facebook.common.internal.AndroidPredicates
com.facebook.common.internal.AndroidPredicates$1
com.facebook.common.internal.AndroidPredicates$2
com.facebook.common.internal.ByteStreams:
    private static final int BUF_SIZE
    40:41:private ByteStreams()
    120:122:public static byte[] toByteArray(java.io.InputStream)
    134:162:public static byte[] toByteArray(java.io.InputStream,int)
    197:202:public static void readFully(java.io.InputStream,byte[],int,int)
com.facebook.common.internal.ByteStreams$1
com.facebook.common.internal.ByteStreams$FastByteArrayOutputStream
com.facebook.common.internal.Closeables:
    122:126:public static void closeQuietly(java.io.Reader)
com.facebook.common.internal.Files
com.facebook.common.internal.ImmutableList:
    25:26:private ImmutableList(java.util.List)
    29:29:public static com.facebook.common.internal.ImmutableList copyOf(java.util.List)
com.facebook.common.internal.ImmutableMap:
    27:27:public static java.util.Map of()
    45:49:public static java.util.Map of(java.lang.Object,java.lang.Object,java.lang.Object,java.lang.Object,java.lang.Object,java.lang.Object)
    54:59:public static java.util.Map of(java.lang.Object,java.lang.Object,java.lang.Object,java.lang.Object,java.lang.Object,java.lang.Object,java.lang.Object,java.lang.Object)
    64:70:public static java.util.Map of(java.lang.Object,java.lang.Object,java.lang.Object,java.lang.Object,java.lang.Object,java.lang.Object,java.lang.Object,java.lang.Object,java.lang.Object,java.lang.Object)
    75:82:public static java.util.Map of(java.lang.Object,java.lang.Object,java.lang.Object,java.lang.Object,java.lang.Object,java.lang.Object,java.lang.Object,java.lang.Object,java.lang.Object,java.lang.Object,java.lang.Object,java.lang.Object)
com.facebook.common.internal.ImmutableSet
com.facebook.common.internal.Ints:
    29:29:private Ints()
com.facebook.common.internal.Objects:
    36:36:private Objects()
    131:131:public static com.facebook.common.internal.Objects$ToStringHelper toStringHelper(java.lang.Class)
    143:143:public static com.facebook.common.internal.Objects$ToStringHelper toStringHelper(java.lang.String)
    186:186:public static java.lang.Object firstNonNull(java.lang.Object,java.lang.Object)